  image_DXT.c
V:\Graphics Model Viewer\Graphics\image_DXT.c(92,7): warning C4047: '=': 'FILE *' differs in levels of indirection from 'errno_t'
  image_helper.c
V:\Graphics Model Viewer\Graphics\image_helper.c(325,17): warning C4244: 'initializing': conversion from 'double' to 'float', possible loss of data
V:\Graphics Model Viewer\Graphics\image_helper.c(366,13): warning C4244: '=': conversion from 'double' to 'float', possible loss of data
V:\Graphics Model Viewer\Graphics\image_helper.c(373,20): warning C4244: '=': conversion from 'float' to 'int', possible loss of data
V:\Graphics Model Viewer\Graphics\image_helper.c(415,13): warning C4244: '=': conversion from 'double' to 'float', possible loss of data
V:\Graphics Model Viewer\Graphics\image_helper.c(422,20): warning C4244: '=': conversion from 'float' to 'int', possible loss of data
  SOIL.c
V:\Graphics Model Viewer\Graphics\SOIL.c(1716,36): warning C4018: '<=': signed/unsigned mismatch
V:\Graphics Model Viewer\Graphics\SOIL.c(1726,19): warning C4018: '<': signed/unsigned mismatch
V:\Graphics Model Viewer\Graphics\SOIL.c(1838,4): warning C4047: '=': 'FILE *' differs in levels of indirection from 'errno_t'
V:\Graphics Model Viewer\Graphics\SOIL.c(1864,39): warning C4267: 'function': conversion from 'size_t' to 'int', possible loss of data
  stb_image_aug.c
V:\Graphics Model Viewer\External Resources\SOIL\stbi_DDS_aug_c.h(362,19): warning C4018: '>': signed/unsigned mismatch
  (compiling source file 'stb_image_aug.c')
  
V:\Graphics Model Viewer\External Resources\SOIL\stbi_DDS_aug_c.h(366,19): warning C4018: '>': signed/unsigned mismatch
  (compiling source file 'stb_image_aug.c')
  
V:\Graphics Model Viewer\External Resources\SOIL\stbi_DDS_aug_c.h(390,19): warning C4018: '<': signed/unsigned mismatch
  (compiling source file 'stb_image_aug.c')
  
V:\Graphics Model Viewer\External Resources\SOIL\stbi_DDS_aug_c.h(427,19): warning C4018: '<': signed/unsigned mismatch
  (compiling source file 'stb_image_aug.c')
  
  Mesh.h
  Source.cpp
C:\Program Files (x86)\Windows Kits\10\Include\10.0.26100.0\shared\minwindef.h(130,9): warning C4005: 'APIENTRY': macro redefinition
  (compiling source file 'Source.cpp')
      V:\Graphics Model Viewer\External Resources\GLFW\glfw-3.4.bin.WIN64\include\GLFW\glfw3.h(123,11):
      see previous definition of 'APIENTRY'
  
V:\Graphics Model Viewer\Graphics\Source.cpp(23,10): warning C4067: unexpected tokens following preprocessor directive - expected a newline
V:\Graphics Model Viewer\Graphics\Camera.h(53,21): warning C4244: '=': conversion from 'double' to 'float', possible loss of data
  (compiling source file 'Source.cpp')
  
V:\Graphics Model Viewer\Graphics\Camera.h(54,21): warning C4244: '=': conversion from 'double' to 'float', possible loss of data
  (compiling source file 'Source.cpp')
  
V:\Graphics Model Viewer\Graphics\Camera.h(62,23): warning C4244: 'initializing': conversion from 'double' to 'float', possible loss of data
  (compiling source file 'Source.cpp')
  
V:\Graphics Model Viewer\Graphics\Camera.h(63,23): warning C4244: 'initializing': conversion from 'double' to 'float', possible loss of data
  (compiling source file 'Source.cpp')
  
V:\Graphics Model Viewer\Graphics\Camera.h(64,17): warning C4244: '=': conversion from 'double' to 'float', possible loss of data
  (compiling source file 'Source.cpp')
  
V:\Graphics Model Viewer\Graphics\Camera.h(65,17): warning C4244: '=': conversion from 'double' to 'float', possible loss of data
  (compiling source file 'Source.cpp')
  
V:\Graphics Model Viewer\Graphics\Camera.h(133,20): warning C4244: 'initializing': conversion from 'double' to 'float', possible loss of data
  (compiling source file 'Source.cpp')
  
V:\Graphics Model Viewer\Graphics\Camera.h(134,20): warning C4244: 'initializing': conversion from 'double' to 'float', possible loss of data
  (compiling source file 'Source.cpp')
  
V:\Graphics Model Viewer\Graphics\Source.cpp(156,28): warning C4244: 'initializing': conversion from 'double' to 'float', possible loss of data
LINK : warning LNK4098: defaultlib 'LIBCMT' conflicts with use of other libs; use /NODEFAULTLIB:library
Source.obj : error LNK2001: unresolved external symbol "public: char const * __cdecl Assimp::Importer::GetErrorString(void)const " (?GetErrorString@Importer@Assimp@@QEBAPEBDXZ)
Source.obj : error LNK2001: unresolved external symbol "public: struct aiScene const * __cdecl Assimp::Importer::ReadFile(char const *,unsigned int)" (?ReadFile@Importer@Assimp@@QEAAPEBUaiScene@@PEBDI@Z)
Source.obj : error LNK2001: unresolved external symbol "public: __cdecl Assimp::Importer::~Importer(void)" (??1Importer@Assimp@@QEAA@XZ)
Source.obj : error LNK2001: unresolved external symbol "public: __cdecl Assimp::Importer::Importer(void)" (??0Importer@Assimp@@QEAA@XZ)
V:\Graphics Model Viewer\x64\Release\Graphics.exe : fatal error LNK1120: 4 unresolved externals
